/*C2*/SET SCHEMA PUBLIC
DISCONNECT
/*C3*/SET SCHEMA PUBLIC
INSERT INTO PRODUTOS VALUES(3,'Notebook','Notebook i5')
COMMIT
DISCONNECT
/*C4*/SET SCHEMA PUBLIC
INSERT INTO PRODUTOS VALUES(4,'Notebook','Notebook i5')
COMMIT
DISCONNECT
/*C5*/SET SCHEMA PUBLIC
INSERT INTO PRODUTOS VALUES(5,'Notebook','Notebook i5')
COMMIT
DISCONNECT
/*C6*/SET SCHEMA PUBLIC
INSERT INTO PRODUTOS VALUES(6,'Notebook','Notebook i5')
COMMIT
DISCONNECT
/*C8*/SET SCHEMA PUBLIC
INSERT INTO PRODUTOS VALUES(7,'Notebook','Notebook i5')
COMMIT
DISCONNECT
/*C9*/SET SCHEMA PUBLIC
INSERT INTO PRODUTOS VALUES(8,'Notebook','Notebook i5')
COMMIT
DISCONNECT
/*C10*/SET SCHEMA PUBLIC
DELETE FROM PRODUTOS WHERE ID=4
DELETE FROM PRODUTOS WHERE ID=5
DELETE FROM PRODUTOS WHERE ID=6
DELETE FROM PRODUTOS WHERE ID=7
DELETE FROM PRODUTOS WHERE ID=8
COMMIT
DISCONNECT
/*C11*/SET SCHEMA PUBLIC
DISCONNECT
